#
# A fatal error has been detected by the Java Runtime Environment:
#
#  EXCEPTION_ACCESS_VIOLATION (0xc0000005) at pc=0x00007ffe0ba60a28, pid=2160, tid=13268
#
# JRE version: OpenJDK Runtime Environment Temurin-17.0.12+7 (17.0.12+7) (build 17.0.12+7)
# Java VM: OpenJDK 64-Bit Server VM Temurin-17.0.12+7 (17.0.12+7, mixed mode, tiered, compressed oops, compressed class ptrs, parallel gc, windows-amd64)
# Problematic frame:
# V  [jvm.dll+0x9c0a28]
#
# No core dump will be written. Minidumps are not enabled by default on client versions of Windows
#
# If you would like to submit a bug report, please visit:
#   https://github.com/adoptium/adoptium-support/issues
#

---------------  S U M M A R Y ------------

Command Line: --add-modules=ALL-SYSTEM --add-opens=java.base/java.util=ALL-UNNAMED --add-opens=java.base/java.lang=ALL-UNNAMED --add-opens=java.base/sun.nio.fs=ALL-UNNAMED -Declipse.application=org.eclipse.jdt.ls.core.id1 -Dosgi.bundles.defaultStartLevel=4 -Declipse.product=org.eclipse.jdt.ls.core.product -Djava.import.generatesMetadataFilesAtProjectRoot=false -DDetectVMInstallationsJob.disabled=true -Dfile.encoding=utf8 -XX:+UseParallelGC -XX:GCTimeRatio=4 -XX:AdaptiveSizePolicyWeight=90 -Dsun.zip.disableMemoryMapping=true -Xmx1G -Xms100m -Xlog:disable -javaagent:c:\Users\Fabiana\.vscode\extensions\redhat.java-1.35.1-win32-x64\lombok\lombok-1.18.33.jar -XX:+HeapDumpOnOutOfMemoryError -XX:HeapDumpPath=c:\Users\Fabiana\AppData\Roaming\Code\User\workspaceStorage\e8de8da8599e006d1c2612c2f89aef8b\redhat.java -Daether.dependencyCollector.impl=bf c:\Users\Fabiana\.vscode\extensions\redhat.java-1.35.1-win32-x64\server\plugins\org.eclipse.equinox.launcher_1.6.900.v20240613-2009.jar -configuration c:\Users\Fabiana\AppData\Roaming\Code\User\globalStorage\redhat.java\1.35.1\config_win -data c:\Users\Fabiana\AppData\Roaming\Code\User\workspaceStorage\e8de8da8599e006d1c2612c2f89aef8b\redhat.java\jdt_ws --pipe=\\.\pipe\lsp-92fff898d9e6cca914e12f5d60f569a8-sock

Host: AMD Ryzen 7 5700U with Radeon Graphics         , 16 cores, 19G,  Windows 11 , 64 bit Build 22621 (10.0.22621.3958)
Time: Wed Oct 16 19:29:30 2024 Hora oficial do Brasil elapsed time: 21.143836 seconds (0d 0h 0m 21s)

---------------  T H R E A D  ---------------

Current thread (0x000001cbc01e4b80):  GCTaskThread "GC Thread#12" [stack: 0x00000078d9500000,0x00000078d9600000] [id=13268]

Stack: [0x00000078d9500000,0x00000078d9600000],  sp=0x00000078d95ffa58,  free space=1022k
Native frames: (J=compiled Java code, j=interpreted, Vv=VM code, C=native code)
V  [jvm.dll+0x9c0a28]


siginfo: EXCEPTION_ACCESS_VIOLATION (0xc0000005), data execution prevention violation at address 0x00007ffe0ba60a28


Registers:
RAX=0x00000000000001cb, RBX=0x0000000000000031, RCX=0x00000078d95ffa80, RDX=0x00000000ee906768
RSP=0x00000078d95ffa58, RBP=0x0000000000000700, RSI=0x00007ffe0b9ea378, RDI=0x0000000000000000
R8 =0x00000001000705f0, R9 =0x00007ffe0bbd47b0, R10=0x0000000000000000, R11=0x000001cbb86f0f00
R12=0x00000000368f0c20, R13=0x00000000368f0c20, R14=0x00000000ee906768, R15=0x000001cbb86f0f00
RIP=0x00007ffe0ba60a28, EFLAGS=0x0000000000010206


Register to memory mapping:

RIP=0x00007ffe0ba60a28 jvm.dll
RAX=0x00000000000001cb is an unknown value
RBX=0x0000000000000031 is an unknown value
RCX=0x00000078d95ffa80 points into unknown readable memory: 0x00007ffe0ba54230 | 30 42 a5 0b fe 7f 00 00
RDX=0x00000000ee906768 points into unknown readable memory: 0x00000000ee90676b | 6b 67 90 ee 00 00 00 00
RSP=0x00000078d95ffa58 points into unknown readable memory: 0x00007ffe0b75db22 | 22 db 75 0b fe 7f 00 00
RBP=0x0000000000000700 is an unknown value
RSI=0x00007ffe0b9ea378 jvm.dll
RDI=0x0 is NULL
R8 =0x00000001000705f0 is pointing into metadata
R9 =0x00007ffe0bbd47b0 jvm.dll
R10=0x0 is NULL
R11=0x000001cbb86f0f00 points into unknown readable memory: 0x00007ffe0ba55038 | 38 50 a5 0b fe 7f 00 00
R12=0x00000000368f0c20 is an unknown value
R13=0x00000000368f0c20 is an unknown value
R14=0x00000000ee906768 points into unknown readable memory: 0x00000000ee90676b | 6b 67 90 ee 00 00 00 00
R15=0x000001cbb86f0f00 points into unknown readable memory: 0x00007ffe0ba55038 | 38 50 a5 0b fe 7f 00 00


Top of Stack: (sp=0x00000078d95ffa58)
0x00000078d95ffa58:   00007ffe0b75db22 000001cba4886120
0x00000078d95ffa68:   0000000006d1e184 000001cba48a0760
0x00000078d95ffa78:   00007ffe0b72a946 00007ffe0ba54230
0x00000078d95ffa88:   000001cba48a1030 000001cbb86f0f00
0x00000078d95ffa98:   00007ffe0b75db22 0000000000000000
0x00000078d95ffaa8:   00007ffe0b75c63b 0000000000000031
0x00000078d95ffab8:   0000000006d1e184 00000000ee46a9c0
0x00000078d95ffac8:   000001cba48a1030 000001cbb86f0f00
0x00000078d95ffad8:   0000000000000c00 00000000ee4c76d8
0x00000078d95ffae8:   0000000000001000 00000000ee4c76d8
0x00000078d95ffaf8:   0000000000001000 0000000000000010
0x00000078d95ffb08:   0000000000000000 000000000000000c
0x00000078d95ffb18:   00000000000007ce 00000000ee4ca1e8
0x00000078d95ffb28:   000000000000079c 0000000000000031
0x00000078d95ffb38:   00007ffe0b75d300 000001cbb86f0f00
0x00000078d95ffb48:   0000000000000000 0000000000000031
0x00000078d95ffb58:   00007ffe0b88a1ee 000001cbbfd17210
0x00000078d95ffb68:   00007ffe0ba55178 0000000000000001
0x00000078d95ffb78:   000001cbc02de870 0000000000000000
0x00000078d95ffb88:   000001cbbfd17210 00000078d95ffcc8
0x00000078d95ffb98:   000001cbc4fe1b20 000001cbb86f0f00
0x00000078d95ffba8:   00007ffe0b75e850 000001cbb86f0f00
0x00000078d95ffbb8:   000001cbc4fe1b00 00000078d95ffcc8
0x00000078d95ffbc8:   00007ffe0b75d12f 00007ffe0ba552d0
0x00000078d95ffbd8:   000001cbb86f0f00 00007ffe0b9f7b30
0x00000078d95ffbe8:   00000078d95ffbd0 00000078d95ffc01
0x00000078d95ffbf8:   00007ffe0ba55178 000001cbc4fe1960
0x00000078d95ffc08:   00007ffe0b88a828 0000000000000066
0x00000078d95ffc18:   000001cbb86f0f00 00000078d71ff430
0x00000078d95ffc28:   00000078d95ffcd9 0000000000000005
0x00000078d95ffc38:   00007ffe0b75fff2 0000000000000000
0x00000078d95ffc48:   00000078d95ffcd9 00000078d71ff430 

Instructions: (pc=0x00007ffe0ba60a28)
0x00007ffe0ba60928:   4c 44 47 20 52 6f 6f 74 73 00 00 00 00 00 00 00
0x00007ffe0ba60938:   20 20 43 53 52 3a 20 55 6e 6c 6f 61 64 20 43 6f
0x00007ffe0ba60948:   64 65 20 43 61 63 68 65 73 00 00 00 00 00 00 00
0x00007ffe0ba60958:   20 20 43 53 52 3a 20 55 6e 6c 69 6e 6b 20 43 4c
0x00007ffe0ba60968:   44 73 00 00 00 00 00 00 20 20 43 53 52 3a 20 57
0x00007ffe0ba60978:   65 61 6b 20 52 65 66 65 72 65 6e 63 65 73 00 00
0x00007ffe0ba60988:   20 20 43 53 52 3a 20 50 61 72 61 6c 6c 65 6c 20
0x00007ffe0ba60998:   4d 61 72 6b 00 00 00 00 43 6f 6e 63 75 72 72 65
0x00007ffe0ba609a8:   6e 74 20 45 76 61 63 75 61 74 69 6f 6e 00 00 00
0x00007ffe0ba609b8:   50 61 75 73 65 20 46 69 6e 61 6c 20 52 6f 6f 74
0x00007ffe0ba609c8:   73 20 28 47 29 00 00 00 50 61 75 73 65 20 46 69
0x00007ffe0ba609d8:   6e 61 6c 20 52 6f 6f 74 73 20 28 4e 29 00 00 00
0x00007ffe0ba609e8:   50 61 75 73 65 20 49 6e 69 74 20 55 70 64 61 74
0x00007ffe0ba609f8:   65 20 52 65 66 73 20 28 47 29 00 00 00 00 00 00
0x00007ffe0ba60a08:   50 61 75 73 65 20 49 6e 69 74 20 55 70 64 61 74
0x00007ffe0ba60a18:   65 20 52 65 66 73 20 28 4e 29 00 00 00 00 00 00
0x00007ffe0ba60a28:   20 20 4d 61 6e 61 67 65 20 47 43 4c 41 42 73 00
0x00007ffe0ba60a38:   43 6f 6e 63 75 72 72 65 6e 74 20 55 70 64 61 74
0x00007ffe0ba60a48:   65 20 52 65 66 73 00 00 43 6f 6e 63 75 72 72 65
0x00007ffe0ba60a58:   6e 74 20 55 70 64 61 74 65 20 54 68 72 65 61 64
0x00007ffe0ba60a68:   20 52 6f 6f 74 73 00 00 50 61 75 73 65 20 46 69
0x00007ffe0ba60a78:   6e 61 6c 20 55 70 64 61 74 65 20 52 65 66 73 20
0x00007ffe0ba60a88:   28 47 29 00 00 00 00 00 50 61 75 73 65 20 46 69
0x00007ffe0ba60a98:   6e 61 6c 20 55 70 64 61 74 65 20 52 65 66 73 20
0x00007ffe0ba60aa8:   28 4e 29 00 00 00 00 00 20 20 46 69 6e 69 73 68
0x00007ffe0ba60ab8:   20 57 6f 72 6b 00 00 00 20 20 54 72 61 73 68 20
0x00007ffe0ba60ac8:   43 6f 6c 6c 65 63 74 69 6f 6e 20 53 65 74 00 00
0x00007ffe0ba60ad8:   50 61 75 73 65 20 44 65 67 65 6e 65 72 61 74 65
0x00007ffe0ba60ae8:   64 20 47 43 20 28 47 29 00 00 00 00 00 00 00 00
0x00007ffe0ba60af8:   50 61 75 73 65 20 44 65 67 65 6e 65 72 61 74 65
0x00007ffe0ba60b08:   64 20 47 43 20 28 4e 29 00 00 00 00 00 00 00 00
0x00007ffe0ba60b18:   20 20 44 65 67 65 6e 20 53 54 57 20 4d 61 72 6b 


Stack slot to memory mapping:
stack at sp + 0 slots: 0x00007ffe0b75db22 jvm.dll
stack at sp + 1 slots: 0x000001cba4886120 points into unknown readable memory: 0x0000000000000000 | 00 00 00 00 00 00 00 00
stack at sp + 2 slots: 0x0000000006d1e184 is an unknown value
stack at sp + 3 slots: 0x000001cba48a0760 points into unknown readable memory: 0x00007ffe0ba54718 | 18 47 a5 0b fe 7f 00 00
stack at sp + 4 slots: 0x00007ffe0b72a946 jvm.dll
stack at sp + 5 slots: 0x00007ffe0ba54230 jvm.dll
stack at sp + 6 slots: 0x000001cba48a1030 points into unknown readable memory: 0x00007ffe0ba55da0 | a0 5d a5 0b fe 7f 00 00
stack at sp + 7 slots: 0x000001cbb86f0f00 points into unknown readable memory: 0x00007ffe0ba55038 | 38 50 a5 0b fe 7f 00 00


---------------  P R O C E S S  ---------------

Threads class SMR info:
_java_thread_list=0x000001cbc608ed90, length=76, elements={
0x000001cba488a0b0, 0x000001cbbd87a020, 0x000001cbbd87c2c0, 0x000001cbb870de10,
0x000001cbbd89cfe0, 0x000001cbbd8a0030, 0x000001cbbd8a1910, 0x000001cbbd8a3450,
0x000001cbbd8abe80, 0x000001cbbd8ac3a0, 0x000001cbbd9e2810, 0x000001cbbfa69600,
0x000001cbc02fcbb0, 0x000001cbbdb02c40, 0x000001cbbda28820, 0x000001cbc0388b90,
0x000001cbc0168b80, 0x000001cbbfd16d00, 0x000001cbbfd162e0, 0x000001cbbfd167f0,
0x000001cbbfd17210, 0x000001cbbfd18650, 0x000001cbc07f6f50, 0x000001cbbfd17720,
0x000001cbbfd17c30, 0x000001cbbfd18b60, 0x000001cbbfd19070, 0x000001cbbfd15dd0,
0x000001cbc241edf0, 0x000001cbc2420c50, 0x000001cbc24234d0, 0x000001cbc2421b80,
0x000001cbc2424910, 0x000001cbc24239e0, 0x000001cbc2423ef0, 0x000001cbc2420740,
0x000001cbc2424400, 0x000001cbc241d4a0, 0x000001cbc2421160, 0x000001cbc2421670,
0x000001cbc2422090, 0x000001cbc2424e20, 0x000001cbc241d9b0, 0x000001cbc24225a0,
0x000001cbc241e3d0, 0x000001cbc241e8e0, 0x000001cbc2422fc0, 0x000001cbc241f810,
0x000001cbc241fd20, 0x000001cbc2420230, 0x000001cbc41dad50, 0x000001cbc41d5c50,
0x000001cbc305fb40, 0x000001cbc3061080, 0x000001cbc305eb50, 0x000001cbc305e600,
0x000001cbc305db60, 0x000001cbc305f0a0, 0x000001cbc41db260, 0x000001cbc41dd0c0,
0x000001cbc41d75a0, 0x000001cbc41d9400, 0x000001cbc41dcbb0, 0x000001cbc41db770,
0x000001cbc41d6b80, 0x000001cbc41d7ab0, 0x000001cbc41d7fc0, 0x000001cbc41d84d0,
0x000001cbc41d6670, 0x000001cbc41d89e0, 0x000001cbc46289e0, 0x000001cbc41dbc80,
0x000001cbc41d9e20, 0x000001cbc41da330, 0x000001cbc41dc190, 0x000001cbc41dc6a0
}

Java Threads: ( => current thread )
  0x000001cba488a0b0 JavaThread "main" [_thread_blocked, id=10516, stack(0x00000078d6f00000,0x00000078d7000000)]
  0x000001cbbd87a020 JavaThread "Reference Handler" daemon [_thread_blocked, id=5860, stack(0x00000078d7200000,0x00000078d7300000)]
  0x000001cbbd87c2c0 JavaThread "Finalizer" daemon [_thread_blocked, id=3308, stack(0x00000078d7300000,0x00000078d7400000)]
  0x000001cbb870de10 JavaThread "Signal Dispatcher" daemon [_thread_blocked, id=11320, stack(0x00000078d7400000,0x00000078d7500000)]
  0x000001cbbd89cfe0 JavaThread "Attach Listener" daemon [_thread_blocked, id=2816, stack(0x00000078d7500000,0x00000078d7600000)]
  0x000001cbbd8a0030 JavaThread "Service Thread" daemon [_thread_blocked, id=2368, stack(0x00000078d7600000,0x00000078d7700000)]
  0x000001cbbd8a1910 JavaThread "Monitor Deflation Thread" daemon [_thread_blocked, id=13444, stack(0x00000078d7700000,0x00000078d7800000)]
  0x000001cbbd8a3450 JavaThread "C2 CompilerThread0" daemon [_thread_blocked, id=15092, stack(0x00000078d7800000,0x00000078d7900000)]
  0x000001cbbd8abe80 JavaThread "C1 CompilerThread0" daemon [_thread_blocked, id=3804, stack(0x00000078d7900000,0x00000078d7a00000)]
  0x000001cbbd8ac3a0 JavaThread "Sweeper thread" daemon [_thread_blocked, id=5424, stack(0x00000078d7a00000,0x00000078d7b00000)]
  0x000001cbbd9e2810 JavaThread "Common-Cleaner" daemon [_thread_blocked, id=13580, stack(0x00000078d7b00000,0x00000078d7c00000)]
  0x000001cbbfa69600 JavaThread "Notification Thread" daemon [_thread_blocked, id=5544, stack(0x00000078d8000000,0x00000078d8100000)]
  0x000001cbc02fcbb0 JavaThread "Active Thread: Equinox Container: 98c268e4-5353-4969-981f-e4436394fb8d" [_thread_blocked, id=7512, stack(0x00000078d8800000,0x00000078d8900000)]
  0x000001cbbdb02c40 JavaThread "C1 CompilerThread1" daemon [_thread_blocked, id=14224, stack(0x00000078d7d00000,0x00000078d7e00000)]
  0x000001cbbda28820 JavaThread "Framework Event Dispatcher: Equinox Container: 98c268e4-5353-4969-981f-e4436394fb8d" daemon [_thread_blocked, id=13112, stack(0x00000078d7e00000,0x00000078d7f00000)]
  0x000001cbc0388b90 JavaThread "Start Level: Equinox Container: 98c268e4-5353-4969-981f-e4436394fb8d" daemon [_thread_blocked, id=740, stack(0x00000078d7f00000,0x00000078d8000000)]
  0x000001cbc0168b80 JavaThread "Bundle File Closer" daemon [_thread_blocked, id=11416, stack(0x00000078d7c00000,0x00000078d7d00000)]
  0x000001cbbfd16d00 JavaThread "SCR Component Actor" daemon [_thread_blocked, id=14404, stack(0x00000078d8b00000,0x00000078d8c00000)]
  0x000001cbbfd162e0 JavaThread "Worker-JM" [_thread_blocked, id=1352, stack(0x00000078d9000000,0x00000078d9100000)]
  0x000001cbbfd167f0 JavaThread "JNA Cleaner" daemon [_thread_blocked, id=328, stack(0x00000078d9200000,0x00000078d9300000)]
  0x000001cbbfd17210 JavaThread "Worker-0: Classpath Update Job" [_thread_blocked, id=7960, stack(0x00000078d9300000,0x00000078d9400000)]
  0x000001cbbfd18650 JavaThread "Worker-1: Initialize workspace" [_thread_blocked, id=6284, stack(0x00000078d9400000,0x00000078d9500000)]
  0x000001cbc07f6f50 JavaThread "C1 CompilerThread2" daemon [_thread_blocked, id=8000, stack(0x00000078d9600000,0x00000078d9700000)]
  0x000001cbbfd17720 JavaThread "Java indexing" daemon [_thread_blocked, id=4024, stack(0x00000078d9a00000,0x00000078d9b00000)]
  0x000001cbbfd17c30 JavaThread "Thread-2" daemon [_thread_in_native, id=6752, stack(0x00000078d9c00000,0x00000078d9d00000)]
  0x000001cbbfd18b60 JavaThread "Thread-3" daemon [_thread_in_native, id=13404, stack(0x00000078d9d00000,0x00000078d9e00000)]
  0x000001cbbfd19070 JavaThread "Thread-4" daemon [_thread_in_native, id=5000, stack(0x00000078d9e00000,0x00000078d9f00000)]
  0x000001cbbfd15dd0 JavaThread "Thread-5" daemon [_thread_in_native, id=5336, stack(0x00000078d9f00000,0x00000078da000000)]
  0x000001cbc241edf0 JavaThread "Thread-6" daemon [_thread_in_native, id=8004, stack(0x00000078da000000,0x00000078da100000)]
  0x000001cbc2420c50 JavaThread "Thread-7" daemon [_thread_in_native, id=5328, stack(0x00000078da100000,0x00000078da200000)]
  0x000001cbc24234d0 JavaThread "Thread-8" daemon [_thread_in_native, id=8412, stack(0x00000078da200000,0x00000078da300000)]
  0x000001cbc2421b80 JavaThread "Thread-9" daemon [_thread_in_native, id=7272, stack(0x00000078da300000,0x00000078da400000)]
  0x000001cbc2424910 JavaThread "Thread-10" daemon [_thread_in_native, id=12536, stack(0x00000078da400000,0x00000078da500000)]
  0x000001cbc24239e0 JavaThread "Thread-11" daemon [_thread_in_native, id=11104, stack(0x00000078da500000,0x00000078da600000)]
  0x000001cbc2423ef0 JavaThread "Thread-12" daemon [_thread_in_native, id=4456, stack(0x00000078da600000,0x00000078da700000)]
  0x000001cbc2420740 JavaThread "Thread-13" daemon [_thread_in_native, id=8320, stack(0x00000078da700000,0x00000078da800000)]
  0x000001cbc2424400 JavaThread "Thread-14" daemon [_thread_in_native, id=5724, stack(0x00000078da800000,0x00000078da900000)]
  0x000001cbc241d4a0 JavaThread "Thread-15" daemon [_thread_in_native, id=9340, stack(0x00000078da900000,0x00000078daa00000)]
  0x000001cbc2421160 JavaThread "Thread-16" daemon [_thread_in_native, id=7656, stack(0x00000078daa00000,0x00000078dab00000)]
  0x000001cbc2421670 JavaThread "Thread-17" daemon [_thread_in_native, id=12204, stack(0x00000078dab00000,0x00000078dac00000)]
  0x000001cbc2422090 JavaThread "Thread-18" daemon [_thread_blocked, id=10900, stack(0x00000078dac00000,0x00000078dad00000)]
  0x000001cbc2424e20 JavaThread "pool-2-thread-1" [_thread_blocked, id=13640, stack(0x00000078dad00000,0x00000078dae00000)]
  0x000001cbc241d9b0 JavaThread "WorkspaceEventsHandler" [_thread_blocked, id=8900, stack(0x00000078dae00000,0x00000078daf00000)]
  0x000001cbc24225a0 JavaThread "pool-1-thread-1" [_thread_blocked, id=9400, stack(0x00000078daf00000,0x00000078db000000)]
  0x000001cbc241e3d0 JavaThread "Worker-2: Initialize Workspace" [_thread_blocked, id=9384, stack(0x00000078db000000,0x00000078db100000)]
  0x000001cbc241e8e0 JavaThread "Worker-3: Validate documents" [_thread_blocked, id=9544, stack(0x00000078db100000,0x00000078db200000)]
  0x000001cbc2422fc0 JavaThread "ForkJoinPool.commonPool-worker-1" daemon [_thread_blocked, id=12524, stack(0x00000078db700000,0x00000078db800000)]
  0x000001cbc241f810 JavaThread "ForkJoinPool.commonPool-worker-2" daemon [_thread_blocked, id=13228, stack(0x00000078db800000,0x00000078db900000)]
  0x000001cbc241fd20 JavaThread "ForkJoinPool.commonPool-worker-3" daemon [_thread_blocked, id=2468, stack(0x00000078db900000,0x00000078dba00000)]
  0x000001cbc2420230 JavaThread "ForkJoinPool.commonPool-worker-4" daemon [_thread_blocked, id=13752, stack(0x00000078dba00000,0x00000078dbb00000)]
  0x000001cbc41dad50 JavaThread "ForkJoinPool.commonPool-worker-5" daemon [_thread_blocked, id=4792, stack(0x00000078dbb00000,0x00000078dbc00000)]
  0x000001cbc41d5c50 JavaThread "ForkJoinPool.commonPool-worker-6" daemon [_thread_blocked, id=1648, stack(0x00000078dbc00000,0x00000078dbd00000)]
  0x000001cbc305fb40 JavaThread "C2 CompilerThread1" daemon [_thread_blocked, id=11080, stack(0x00000078d8c00000,0x00000078d8d00000)]
  0x000001cbc3061080 JavaThread "C2 CompilerThread2" daemon [_thread_blocked, id=4380, stack(0x00000078d8d00000,0x00000078d8e00000)]
  0x000001cbc305eb50 JavaThread "C1 CompilerThread3" daemon [_thread_blocked, id=3732, stack(0x00000078d9700000,0x00000078d9800000)]
  0x000001cbc305e600 JavaThread "C2 CompilerThread3" daemon [_thread_blocked, id=9988, stack(0x00000078d9800000,0x00000078d9900000)]
  0x000001cbc305db60 JavaThread "C2 CompilerThread4" daemon [_thread_blocked, id=5540, stack(0x00000078d9900000,0x00000078d9a00000)]
  0x000001cbc305f0a0 JavaThread "C2 CompilerThread5" daemon [_thread_blocked, id=14180, stack(0x00000078d9b00000,0x00000078d9c00000)]
  0x000001cbc41db260 JavaThread "Worker-4: Publish Diagnostics" [_thread_blocked, id=1432, stack(0x00000078db500000,0x00000078db600000)]
  0x000001cbc41dd0c0 JavaThread "SCR Component Registry" daemon [_thread_blocked, id=1536, stack(0x00000078db600000,0x00000078db700000)]
  0x000001cbc41d75a0 JavaThread "Worker-5" [_thread_blocked, id=7736, stack(0x00000078db400000,0x00000078db500000)]
  0x000001cbc41d9400 JavaThread "ForkJoinPool.commonPool-worker-7" daemon [_thread_blocked, id=11920, stack(0x00000078dbd00000,0x00000078dbe00000)]
  0x000001cbc41dcbb0 JavaThread "ForkJoinPool.commonPool-worker-8" daemon [_thread_blocked, id=14544, stack(0x00000078dbe00000,0x00000078dbf00000)]
  0x000001cbc41db770 JavaThread "ForkJoinPool.commonPool-worker-9" daemon [_thread_blocked, id=13360, stack(0x00000078dbf00000,0x00000078dc000000)]
  0x000001cbc41d6b80 JavaThread "ForkJoinPool.commonPool-worker-10" daemon [_thread_blocked, id=6296, stack(0x00000078dc000000,0x00000078dc100000)]
  0x000001cbc41d7ab0 JavaThread "ForkJoinPool.commonPool-worker-11" daemon [_thread_blocked, id=9152, stack(0x00000078dc100000,0x00000078dc200000)]
  0x000001cbc41d7fc0 JavaThread "ForkJoinPool.commonPool-worker-12" daemon [_thread_blocked, id=6976, stack(0x00000078dc200000,0x00000078dc300000)]
  0x000001cbc41d84d0 JavaThread "ForkJoinPool.commonPool-worker-13" daemon [_thread_blocked, id=3300, stack(0x00000078dc300000,0x00000078dc400000)]
  0x000001cbc41d6670 JavaThread "ForkJoinPool.commonPool-worker-14" daemon [_thread_blocked, id=2084, stack(0x00000078dc400000,0x00000078dc500000)]
  0x000001cbc41d89e0 JavaThread "ForkJoinPool.commonPool-worker-15" daemon [_thread_blocked, id=12836, stack(0x00000078dc500000,0x00000078dc600000)]
  0x000001cbc46289e0 JavaThread "C2 CompilerThread6" daemon [_thread_blocked, id=2688, stack(0x00000078db300000,0x00000078db400000)]
  0x000001cbc41dbc80 JavaThread "ParallelDescriptorResolver-0-0" daemon [_thread_blocked, id=13744, stack(0x00000078dc600000,0x00000078dc700000)]
  0x000001cbc41d9e20 JavaThread "ParallelDescriptorResolver-0-1" daemon [_thread_blocked, id=10768, stack(0x00000078dc700000,0x00000078dc800000)]
  0x000001cbc41da330 JavaThread "ParallelDescriptorResolver-0-2" daemon [_thread_blocked, id=11740, stack(0x00000078dc800000,0x00000078dc900000)]
  0x000001cbc41dc190 JavaThread "ParallelDescriptorResolver-0-3" daemon [_thread_blocked, id=13576, stack(0x00000078dc900000,0x00000078dca00000)]
  0x000001cbc41dc6a0 JavaThread "ParallelDescriptorResolver-0-4" daemon [_thread_blocked, id=10888, stack(0x00000078dca00000,0x00000078dcb00000)]

Other Threads:
  0x000001cbb86f7c80 VMThread "VM Thread" [stack: 0x00000078d7100000,0x00000078d7200000] [id=3660]
  0x000001cbbfa461e0 WatcherThread [stack: 0x00000078d8100000,0x00000078d8200000] [id=9264]
  0x000001cba489da80 GCTaskThread "GC Thread#0" [stack: 0x00000078d7000000,0x00000078d7100000] [id=12532]
  0x000001cbbfededd0 GCTaskThread "GC Thread#1" [stack: 0x00000078d8300000,0x00000078d8400000] [id=8444]
  0x000001cbbfedf350 GCTaskThread "GC Thread#2" [stack: 0x00000078d8400000,0x00000078d8500000] [id=14196]
  0x000001cbbfedf610 GCTaskThread "GC Thread#3" [stack: 0x00000078d8500000,0x00000078d8600000] [id=6656]
  0x000001cbbfedfe50 GCTaskThread "GC Thread#4" [stack: 0x00000078d8600000,0x00000078d8700000] [id=6228]
  0x000001cbbfede850 GCTaskThread "GC Thread#5" [stack: 0x00000078d8700000,0x00000078d8800000] [id=2000]
  0x000001cbbfedf8d0 GCTaskThread "GC Thread#6" [stack: 0x00000078d8200000,0x00000078d8300000] [id=7064]
  0x000001cbbfedeb10 GCTaskThread "GC Thread#7" [stack: 0x00000078d8900000,0x00000078d8a00000] [id=4064]
  0x000001cbbfedfb90 GCTaskThread "GC Thread#8" [stack: 0x00000078d8a00000,0x00000078d8b00000] [id=13416]
  0x000001cbc01e4e40 GCTaskThread "GC Thread#9" [stack: 0x00000078d8e00000,0x00000078d8f00000] [id=12576]
  0x000001cbc01e4600 GCTaskThread "GC Thread#10" [stack: 0x00000078d8f00000,0x00000078d9000000] [id=15172]
  0x000001cbc01e5100 GCTaskThread "GC Thread#11" [stack: 0x00000078d9100000,0x00000078d9200000] [id=896]
=>0x000001cbc01e4b80 GCTaskThread "GC Thread#12" [stack: 0x00000078d9500000,0x00000078d9600000] [id=13268]

Threads with active compile tasks:
C2 CompilerThread0    21187 9728 % !   4       org.eclipse.jdt.internal.core.JarPackageFragmentRoot::computeChildren @ 246 (605 bytes)
C2 CompilerThread1    21187 10173       4       org.eclipse.jdt.internal.core.JarPackageFragmentRoot::createChildren (97 bytes)
C2 CompilerThread2    21187 9990   !   4       org.eclipse.jdt.internal.core.util.DeduplicationUtil::intern (149 bytes)
C2 CompilerThread3    21187 10061   !   4       org.codehaus.plexus.interpolation.StringSearchInterpolator::interpolate (668 bytes)
C2 CompilerThread4    21187 9922 % !   4       org.eclipse.jdt.internal.compiler.classfmt.ClassFileReader::<init> @ 63 (2151 bytes)
C2 CompilerThread5    21187 10145  s    4       org.eclipse.jdt.internal.core.JavaModelManager::getInfo (39 bytes)
C2 CompilerThread6    21187 10124       4       org.eclipse.jdt.internal.core.util.WeakHashSet::get (65 bytes)

VM state: at safepoint (normal execution)

VM Mutex/Monitor currently owned by a thread:  ([mutex/lock_event])
[0x000001cba4886c60] Threads_lock - owner thread: 0x000001cbb86f7c80
[0x000001cba48866c0] Heap_lock - owner thread: 0x000001cbc41db260

Heap address: 0x00000000c0000000, size: 1024 MB, Compressed Oops mode: 32-bit

CDS archive(s) not mapped
Compressed class space mapped at: 0x0000000100000000-0x0000000140000000, reserved size: 1073741824
Narrow klass base: 0x0000000000000000, Narrow klass shift: 3, Narrow klass range: 0x140000000

GC Precious Log:
 CPUs: 16 total, 16 available
 Memory: 19818M
 Large Page Support: Disabled
 NUMA Support: Disabled
 Compressed Oops: Enabled (32-bit)
 Alignments: Space 512K, Generation 512K, Heap 2M
 Heap Min Capacity: 100M
 Heap Initial Capacity: 100M
 Heap Max Capacity: 1G
 Pre-touch: Disabled
 Parallel Workers: 13

Heap:
 PSYoungGen      total 62464K, used 62338K [0x00000000eab00000, 0x00000000eee00000, 0x0000000100000000)
  eden space 56832K, 100% used [0x00000000eab00000,0x00000000ee280000,0x00000000ee280000)
  from space 5632K, 97% used [0x00000000ee880000,0x00000000eede0a38,0x00000000eee00000)
  to   space 5632K, 99% used [0x00000000ee300000,0x00000000ee87ebd8,0x00000000ee880000)
 ParOldGen       total 699392K, used 105017K [0x00000000c0000000, 0x00000000eab00000, 0x00000000eab00000)
  object space 699392K, 15% used [0x00000000c0000000,0x00000000c668e6c0,0x00000000eab00000)
 Metaspace       used 71053K, committed 72320K, reserved 1114112K
  class space    used 7595K, committed 8128K, reserved 1048576K

Card table byte_map: [0x000001cba4220000,0x000001cba4430000] _byte_map_base: 0x000001cba3c20000

Marking Bits: (ParMarkBitMap*) 0x00007ffe0bc458b0
 Begin Bits: [0x000001cbb6510000, 0x000001cbb7510000)
 End Bits:   [0x000001cbb7510000, 0x000001cbb8510000)

Polling page: 0x000001cba27f0000

Metaspace:

Usage:
  Non-class:     61.97 MB used.
      Class:      7.42 MB used.
       Both:     69.39 MB used.

Virtual space:
  Non-class space:       64.00 MB reserved,      62.69 MB ( 98%) committed,  1 nodes.
      Class space:        1.00 GB reserved,       7.94 MB ( <1%) committed,  1 nodes.
             Both:        1.06 GB reserved,      70.62 MB (  6%) committed. 

Chunk freelists:
   Non-Class:  1.28 MB
       Class:  8.06 MB
        Both:  9.35 MB

MaxMetaspaceSize: unlimited
CompressedClassSpaceSize: 1.00 GB
Initial GC threshold: 21.00 MB
Current GC threshold: 114.94 MB
CDS: off
MetaspaceReclaimPolicy: balanced
 - commit_granule_bytes: 65536.
 - commit_granule_words: 8192.
 - virtual_space_node_default_size: 8388608.
 - enlarge_chunks_in_place: 1.
 - new_chunks_are_fully_committed: 0.
 - uncommit_free_chunks: 1.
 - use_allocation_guard: 0.
 - handle_deallocations: 1.


Internal statistics:

num_allocs_failed_limit: 9.
num_arena_births: 892.
num_arena_deaths: 16.
num_vsnodes_births: 2.
num_vsnodes_deaths: 0.
num_space_committed: 1130.
num_space_uncommitted: 0.
num_chunks_returned_to_freelist: 26.
num_chunks_taken_from_freelist: 3611.
num_chunk_merges: 9.
num_chunk_splits: 2248.
num_chunks_enlarged: 1328.
num_inconsistent_stats: 0.

CodeHeap 'non-profiled nmethods': size=119168Kb used=6089Kb max_used=6089Kb free=113079Kb
 bounds [0x000001cbaf0b0000, 0x000001cbaf6b0000, 0x000001cbb6510000]
CodeHeap 'profiled nmethods': size=119104Kb used=18497Kb max_used=18497Kb free=100606Kb
 bounds [0x000001cba7510000, 0x000001cba8730000, 0x000001cbae960000]
CodeHeap 'non-nmethods': size=7488Kb used=3080Kb max_used=3162Kb free=4407Kb
 bounds [0x000001cbae960000, 0x000001cbaecd0000, 0x000001cbaf0b0000]
 total_blobs=9435 nmethods=8692 adapters=652
 compilation: enabled
              stopped_count=0, restarted_count=0
 full_count=0

Compilation events (20 events):
Event: 21.108 Thread 0x000001cbc305fb40 nmethod 10169 0x000001cbaf6a0d90 code [0x000001cbaf6a0f00, 0x000001cbaf6a0f98]
Event: 21.108 Thread 0x000001cbc305fb40 10168       4       java.util.Collections::unmodifiableMap (20 bytes)
Event: 21.108 Thread 0x000001cbbd8abe80 nmethod 10171 0x000001cba871b110 code [0x000001cba871b420, 0x000001cba871c7c8]
Event: 21.110 Thread 0x000001cbc305fb40 nmethod 10168 0x000001cbaf6a1090 code [0x000001cbaf6a1220, 0x000001cbaf6a1318]
Event: 21.110 Thread 0x000001cbc305fb40 10167       4       org.apache.maven.model.io.xpp3.MavenXpp3Reader::checkFieldWithDuplicate (75 bytes)
Event: 21.111 Thread 0x000001cbbdb02c40 10172       1       org.eclipse.core.runtime.jobs.Job::belongsTo (2 bytes)
Event: 21.111 Thread 0x000001cbbdb02c40 nmethod 10172 0x000001cbaf6a1410 code [0x000001cbaf6a15a0, 0x000001cbaf6a1678]
Event: 21.112 Thread 0x000001cbbdb02c40 10174       3       java.util.AbstractList::hashCode (46 bytes)
Event: 21.112 Thread 0x000001cbc07f6f50 nmethod 10170 0x000001cba871d190 code [0x000001cba871d860, 0x000001cba8720a98]
Event: 21.112 Thread 0x000001cbbdb02c40 nmethod 10174 0x000001cba8721e90 code [0x000001cba8722080, 0x000001cba87225b8]
Event: 21.117 Thread 0x000001cbc305fb40 nmethod 10167 0x000001cbaf6a1710 code [0x000001cbaf6a18c0, 0x000001cbaf6a1da8]
Event: 21.118 Thread 0x000001cbbdb02c40 10175       3       org.eclipse.jdt.internal.compiler.classfmt.MethodInfo::decodeAnnotations (69 bytes)
Event: 21.118 Thread 0x000001cbc305fb40 10173       4       org.eclipse.jdt.internal.core.JarPackageFragmentRoot::createChildren (97 bytes)
Event: 21.118 Thread 0x000001cbbdb02c40 nmethod 10175 0x000001cba8722710 code [0x000001cba87228e0, 0x000001cba8722d88]
Event: 21.121 Thread 0x000001cbbd8abe80 10176       1       org.apache.maven.model.License::setDistribution (6 bytes)
Event: 21.122 Thread 0x000001cbbd8abe80 nmethod 10176 0x000001cbaf6a2110 code [0x000001cbaf6a22a0, 0x000001cbaf6a2378]
Event: 21.124 Thread 0x000001cbc305eb50 10180       3       sun.nio.ch.FileChannelImpl::beginBlocking (12 bytes)
Event: 21.124 Thread 0x000001cbbd8abe80 10181       3       sun.nio.ch.FileChannelImpl::endBlocking (13 bytes)
Event: 21.124 Thread 0x000001cbbd8abe80 nmethod 10181 0x000001cba8722f90 code [0x000001cba8723140, 0x000001cba87232a8]
Event: 21.124 Thread 0x000001cbc305eb50 nmethod 10180 0x000001cba8723390 code [0x000001cba8723540, 0x000001cba87236a8]

GC Heap History (20 events):
Event: 20.811 GC heap after
{Heap after GC invocations=86 (full 5):
 PSYoungGen      total 48128K, used 5478K [0x00000000eab00000, 0x00000000ee200000, 0x0000000100000000)
  eden space 42496K, 0% used [0x00000000eab00000,0x00000000eab00000,0x00000000ed480000)
  from space 5632K, 97% used [0x00000000ed480000,0x00000000ed9d99e0,0x00000000eda00000)
  to   space 5632K, 0% used [0x00000000edc80000,0x00000000edc80000,0x00000000ee200000)
 ParOldGen       total 129024K, used 100864K [0x00000000c0000000, 0x00000000c7e00000, 0x00000000eab00000)
  object space 129024K, 78% used [0x00000000c0000000,0x00000000c6280388,0x00000000c7e00000)
 Metaspace       used 70619K, committed 71936K, reserved 1114112K
  class space    used 7541K, committed 8128K, reserved 1048576K
}
Event: 20.830 GC heap before
{Heap before GC invocations=87 (full 5):
 PSYoungGen      total 48128K, used 47974K [0x00000000eab00000, 0x00000000ee200000, 0x0000000100000000)
  eden space 42496K, 100% used [0x00000000eab00000,0x00000000ed480000,0x00000000ed480000)
  from space 5632K, 97% used [0x00000000ed480000,0x00000000ed9d99e0,0x00000000eda00000)
  to   space 5632K, 0% used [0x00000000edc80000,0x00000000edc80000,0x00000000ee200000)
 ParOldGen       total 129024K, used 100864K [0x00000000c0000000, 0x00000000c7e00000, 0x00000000eab00000)
  object space 129024K, 78% used [0x00000000c0000000,0x00000000c6280388,0x00000000c7e00000)
 Metaspace       used 70625K, committed 71936K, reserved 1114112K
  class space    used 7541K, committed 8128K, reserved 1048576K
}
Event: 20.832 GC heap after
{Heap after GC invocations=87 (full 5):
 PSYoungGen      total 49664K, used 5626K [0x00000000eab00000, 0x00000000ee480000, 0x0000000100000000)
  eden space 44032K, 0% used [0x00000000eab00000,0x00000000eab00000,0x00000000ed600000)
  from space 5632K, 99% used [0x00000000edc80000,0x00000000ee1fea38,0x00000000ee200000)
  to   space 6656K, 0% used [0x00000000ed600000,0x00000000ed600000,0x00000000edc80000)
 ParOldGen       total 129024K, used 101301K [0x00000000c0000000, 0x00000000c7e00000, 0x00000000eab00000)
  object space 129024K, 78% used [0x00000000c0000000,0x00000000c62ed7a0,0x00000000c7e00000)
 Metaspace       used 70625K, committed 71936K, reserved 1114112K
  class space    used 7541K, committed 8128K, reserved 1048576K
}
Event: 20.847 GC heap before
{Heap before GC invocations=88 (full 5):
 PSYoungGen      total 49664K, used 49658K [0x00000000eab00000, 0x00000000ee480000, 0x0000000100000000)
  eden space 44032K, 100% used [0x00000000eab00000,0x00000000ed600000,0x00000000ed600000)
  from space 5632K, 99% used [0x00000000edc80000,0x00000000ee1fea38,0x00000000ee200000)
  to   space 6656K, 0% used [0x00000000ed600000,0x00000000ed600000,0x00000000edc80000)
 ParOldGen       total 129024K, used 101301K [0x00000000c0000000, 0x00000000c7e00000, 0x00000000eab00000)
  object space 129024K, 78% used [0x00000000c0000000,0x00000000c62ed7a0,0x00000000c7e00000)
 Metaspace       used 70638K, committed 71936K, reserved 1114112K
  class space    used 7544K, committed 8128K, reserved 1048576K
}
Event: 20.850 GC heap after
{Heap after GC invocations=88 (full 5):
 PSYoungGen      total 50688K, used 6199K [0x00000000eab00000, 0x00000000ee600000, 0x0000000100000000)
  eden space 44032K, 0% used [0x00000000eab00000,0x00000000eab00000,0x00000000ed600000)
  from space 6656K, 93% used [0x00000000ed600000,0x00000000edc0dcf0,0x00000000edc80000)
  to   space 6656K, 0% used [0x00000000edf80000,0x00000000edf80000,0x00000000ee600000)
 ParOldGen       total 129024K, used 101752K [0x00000000c0000000, 0x00000000c7e00000, 0x00000000eab00000)
  object space 129024K, 78% used [0x00000000c0000000,0x00000000c635e2d8,0x00000000c7e00000)
 Metaspace       used 70638K, committed 71936K, reserved 1114112K
  class space    used 7544K, committed 8128K, reserved 1048576K
}
Event: 20.870 GC heap before
{Heap before GC invocations=89 (full 5):
 PSYoungGen      total 50688K, used 50231K [0x00000000eab00000, 0x00000000ee600000, 0x0000000100000000)
  eden space 44032K, 100% used [0x00000000eab00000,0x00000000ed600000,0x00000000ed600000)
  from space 6656K, 93% used [0x00000000ed600000,0x00000000edc0dcf0,0x00000000edc80000)
  to   space 6656K, 0% used [0x00000000edf80000,0x00000000edf80000,0x00000000ee600000)
 ParOldGen       total 129024K, used 101752K [0x00000000c0000000, 0x00000000c7e00000, 0x00000000eab00000)
  object space 129024K, 78% used [0x00000000c0000000,0x00000000c635e2d8,0x00000000c7e00000)
 Metaspace       used 70715K, committed 72000K, reserved 1114112K
  class space    used 7551K, committed 8128K, reserved 1048576K
}
Event: 20.873 GC heap after
{Heap after GC invocations=89 (full 5):
 PSYoungGen      total 52736K, used 6642K [0x00000000eab00000, 0x00000000ee880000, 0x0000000100000000)
  eden space 46080K, 0% used [0x00000000eab00000,0x00000000eab00000,0x00000000ed800000)
  from space 6656K, 99% used [0x00000000edf80000,0x00000000ee5fc938,0x00000000ee600000)
  to   space 7680K, 0% used [0x00000000ed800000,0x00000000ed800000,0x00000000edf80000)
 ParOldGen       total 129024K, used 102512K [0x00000000c0000000, 0x00000000c7e00000, 0x00000000eab00000)
  object space 129024K, 79% used [0x00000000c0000000,0x00000000c641c2d8,0x00000000c7e00000)
 Metaspace       used 70715K, committed 72000K, reserved 1114112K
  class space    used 7551K, committed 8128K, reserved 1048576K
}
Event: 20.899 GC heap before
{Heap before GC invocations=90 (full 5):
 PSYoungGen      total 52736K, used 52722K [0x00000000eab00000, 0x00000000ee880000, 0x0000000100000000)
  eden space 46080K, 100% used [0x00000000eab00000,0x00000000ed800000,0x00000000ed800000)
  from space 6656K, 99% used [0x00000000edf80000,0x00000000ee5fc938,0x00000000ee600000)
  to   space 7680K, 0% used [0x00000000ed800000,0x00000000ed800000,0x00000000edf80000)
 ParOldGen       total 129024K, used 102512K [0x00000000c0000000, 0x00000000c7e00000, 0x00000000eab00000)
  object space 129024K, 79% used [0x00000000c0000000,0x00000000c641c2d8,0x00000000c7e00000)
 Metaspace       used 70778K, committed 72064K, reserved 1114112K
  class space    used 7561K, committed 8128K, reserved 1048576K
}
Event: 20.902 GC heap after
{Heap after GC invocations=90 (full 5):
 PSYoungGen      total 53760K, used 5464K [0x00000000eab00000, 0x00000000ee800000, 0x0000000100000000)
  eden space 46080K, 0% used [0x00000000eab00000,0x00000000eab00000,0x00000000ed800000)
  from space 7680K, 71% used [0x00000000ed800000,0x00000000edd56230,0x00000000edf80000)
  to   space 6656K, 0% used [0x00000000ee180000,0x00000000ee180000,0x00000000ee800000)
 ParOldGen       total 129024K, used 103134K [0x00000000c0000000, 0x00000000c7e00000, 0x00000000eab00000)
  object space 129024K, 79% used [0x00000000c0000000,0x00000000c64b79f8,0x00000000c7e00000)
 Metaspace       used 70778K, committed 72064K, reserved 1114112K
  class space    used 7561K, committed 8128K, reserved 1048576K
}
Event: 20.921 GC heap before
{Heap before GC invocations=91 (full 5):
 PSYoungGen      total 53760K, used 51544K [0x00000000eab00000, 0x00000000ee800000, 0x0000000100000000)
  eden space 46080K, 100% used [0x00000000eab00000,0x00000000ed800000,0x00000000ed800000)
  from space 7680K, 71% used [0x00000000ed800000,0x00000000edd56230,0x00000000edf80000)
  to   space 6656K, 0% used [0x00000000ee180000,0x00000000ee180000,0x00000000ee800000)
 ParOldGen       total 129024K, used 103134K [0x00000000c0000000, 0x00000000c7e00000, 0x00000000eab00000)
  object space 129024K, 79% used [0x00000000c0000000,0x00000000c64b79f8,0x00000000c7e00000)
 Metaspace       used 70835K, committed 72128K, reserved 1114112K
  class space    used 7574K, committed 8128K, reserved 1048576K
}
Event: 20.925 GC heap after
{Heap after GC invocations=91 (full 5):
 PSYoungGen      total 55808K, used 5676K [0x00000000eab00000, 0x00000000ee780000, 0x0000000100000000)
  eden space 49664K, 0% used [0x00000000eab00000,0x00000000eab00000,0x00000000edb80000)
  from space 6144K, 92% used [0x00000000ee180000,0x00000000ee70b3e8,0x00000000ee780000)
  to   space 6144K, 0% used [0x00000000edb80000,0x00000000edb80000,0x00000000ee180000)
 ParOldGen       total 129024K, used 103142K [0x00000000c0000000, 0x00000000c7e00000, 0x00000000eab00000)
  object space 129024K, 79% used [0x00000000c0000000,0x00000000c64b99f8,0x00000000c7e00000)
 Metaspace       used 70835K, committed 72128K, reserved 1114112K
  class space    used 7574K, committed 8128K, reserved 1048576K
}
Event: 20.964 GC heap before
{Heap before GC invocations=92 (full 5):
 PSYoungGen      total 55808K, used 55340K [0x00000000eab00000, 0x00000000ee780000, 0x0000000100000000)
  eden space 49664K, 100% used [0x00000000eab00000,0x00000000edb80000,0x00000000edb80000)
  from space 6144K, 92% used [0x00000000ee180000,0x00000000ee70b3e8,0x00000000ee780000)
  to   space 6144K, 0% used [0x00000000edb80000,0x00000000edb80000,0x00000000ee180000)
 ParOldGen       total 129024K, used 103142K [0x00000000c0000000, 0x00000000c7e00000, 0x00000000eab00000)
  object space 129024K, 79% used [0x00000000c0000000,0x00000000c64b99f8,0x00000000c7e00000)
 Metaspace       used 70865K, committed 72128K, reserved 1114112K
  class space    used 7578K, committed 8128K, reserved 1048576K
}
Event: 20.967 GC heap after
{Heap after GC invocations=92 (full 5):
 PSYoungGen      total 55808K, used 5981K [0x00000000eab00000, 0x00000000eeb00000, 0x0000000100000000)
  eden space 49664K, 0% used [0x00000000eab00000,0x00000000eab00000,0x00000000edb80000)
  from space 6144K, 97% used [0x00000000edb80000,0x00000000ee157420,0x00000000ee180000)
  to   space 6144K, 0% used [0x00000000ee500000,0x00000000ee500000,0x00000000eeb00000)
 ParOldGen       total 129024K, used 103440K [0x00000000c0000000, 0x00000000c7e00000, 0x00000000eab00000)
  object space 129024K, 80% used [0x00000000c0000000,0x00000000c6504288,0x00000000c7e00000)
 Metaspace       used 70865K, committed 72128K, reserved 1114112K
  class space    used 7578K, committed 8128K, reserved 1048576K
}
Event: 21.017 GC heap before
{Heap before GC invocations=93 (full 5):
 PSYoungGen      total 55808K, used 55645K [0x00000000eab00000, 0x00000000eeb00000, 0x0000000100000000)
  eden space 49664K, 100% used [0x00000000eab00000,0x00000000edb80000,0x00000000edb80000)
  from space 6144K, 97% used [0x00000000edb80000,0x00000000ee157420,0x00000000ee180000)
  to   space 6144K, 0% used [0x00000000ee500000,0x00000000ee500000,0x00000000eeb00000)
 ParOldGen       total 129024K, used 103440K [0x00000000c0000000, 0x00000000c7e00000, 0x00000000eab00000)
  object space 129024K, 80% used [0x00000000c0000000,0x00000000c6504288,0x00000000c7e00000)
 Metaspace       used 70953K, committed 72192K, reserved 1114112K
  class space    used 7591K, committed 8128K, reserved 1048576K
}
Event: 21.022 GC heap after
{Heap after GC invocations=93 (full 5):
 PSYoungGen      total 59392K, used 5891K [0x00000000eab00000, 0x00000000eeb00000, 0x0000000100000000)
  eden space 53248K, 0% used [0x00000000eab00000,0x00000000eab00000,0x00000000edf00000)
  from space 6144K, 95% used [0x00000000ee500000,0x00000000eeac0c90,0x00000000eeb00000)
  to   space 6144K, 0% used [0x00000000edf00000,0x00000000edf00000,0x00000000ee500000)
 ParOldGen       total 129024K, used 103728K [0x00000000c0000000, 0x00000000c7e00000, 0x00000000eab00000)
  object space 129024K, 80% used [0x00000000c0000000,0x00000000c654c3e0,0x00000000c7e00000)
 Metaspace       used 70953K, committed 72192K, reserved 1114112K
  class space    used 7591K, committed 8128K, reserved 1048576K
}
Event: 21.062 GC heap before
{Heap before GC invocations=94 (full 5):
 PSYoungGen      total 59392K, used 59139K [0x00000000eab00000, 0x00000000eeb00000, 0x0000000100000000)
  eden space 53248K, 100% used [0x00000000eab00000,0x00000000edf00000,0x00000000edf00000)
  from space 6144K, 95% used [0x00000000ee500000,0x00000000eeac0c90,0x00000000eeb00000)
  to   space 6144K, 0% used [0x00000000edf00000,0x00000000edf00000,0x00000000ee500000)
 ParOldGen       total 129024K, used 103728K [0x00000000c0000000, 0x00000000c7e00000, 0x00000000eab00000)
  object space 129024K, 80% used [0x00000000c0000000,0x00000000c654c3e0,0x00000000c7e00000)
 Metaspace       used 70994K, committed 72256K, reserved 1114112K
  class space    used 7591K, committed 8128K, reserved 1048576K
}
Event: 21.066 GC heap after
{Heap after GC invocations=94 (full 5):
 PSYoungGen      total 59392K, used 5639K [0x00000000eab00000, 0x00000000eee80000, 0x0000000100000000)
  eden space 53248K, 0% used [0x00000000eab00000,0x00000000eab00000,0x00000000edf00000)
  from space 6144K, 91% used [0x00000000edf00000,0x00000000ee481ef8,0x00000000ee500000)
  to   space 6144K, 0% used [0x00000000ee880000,0x00000000ee880000,0x00000000eee80000)
 ParOldGen       total 129024K, used 104348K [0x00000000c0000000, 0x00000000c7e00000, 0x00000000eab00000)
  object space 129024K, 80% used [0x00000000c0000000,0x00000000c65e7360,0x00000000c7e00000)
 Metaspace       used 70994K, committed 72256K, reserved 1114112K
  class space    used 7591K, committed 8128K, reserved 1048576K
}
Event: 21.096 GC heap before
{Heap before GC invocations=95 (full 5):
 PSYoungGen      total 59392K, used 58887K [0x00000000eab00000, 0x00000000eee80000, 0x0000000100000000)
  eden space 53248K, 100% used [0x00000000eab00000,0x00000000edf00000,0x00000000edf00000)
  from space 6144K, 91% used [0x00000000edf00000,0x00000000ee481ef8,0x00000000ee500000)
  to   space 6144K, 0% used [0x00000000ee880000,0x00000000ee880000,0x00000000eee80000)
 ParOldGen       total 129024K, used 104348K [0x00000000c0000000, 0x00000000c7e00000, 0x00000000eab00000)
  object space 129024K, 80% used [0x00000000c0000000,0x00000000c65e7360,0x00000000c7e00000)
 Metaspace       used 71027K, committed 72256K, reserved 1114112K
  class space    used 7595K, committed 8128K, reserved 1048576K
}
Event: 21.100 GC heap after
{Heap after GC invocations=95 (full 5):
 PSYoungGen      total 62464K, used 5506K [0x00000000eab00000, 0x00000000eee00000, 0x0000000100000000)
  eden space 56832K, 0% used [0x00000000eab00000,0x00000000eab00000,0x00000000ee280000)
  from space 5632K, 97% used [0x00000000ee880000,0x00000000eede0a38,0x00000000eee00000)
  to   space 5632K, 0% used [0x00000000ee300000,0x00000000ee300000,0x00000000ee880000)
 ParOldGen       total 129024K, used 104667K [0x00000000c0000000, 0x00000000c7e00000, 0x00000000eab00000)
  object space 129024K, 81% used [0x00000000c0000000,0x00000000c6636d50,0x00000000c7e00000)
 Metaspace       used 71027K, committed 72256K, reserved 1114112K
  class space    used 7595K, committed 8128K, reserved 1048576K
}
Event: 21.132 GC heap before
{Heap before GC invocations=96 (full 5):
 PSYoungGen      total 62464K, used 62338K [0x00000000eab00000, 0x00000000eee00000, 0x0000000100000000)
  eden space 56832K, 100% used [0x00000000eab00000,0x00000000ee280000,0x00000000ee280000)
  from space 5632K, 97% used [0x00000000ee880000,0x00000000eede0a38,0x00000000eee00000)
  to   space 5632K, 0% used [0x00000000ee300000,0x00000000ee300000,0x00000000ee880000)
 ParOldGen       total 129024K, used 104667K [0x00000000c0000000, 0x00000000c7e00000, 0x00000000eab00000)
  object space 129024K, 81% used [0x00000000c0000000,0x00000000c6636d50,0x00000000c7e00000)
 Metaspace       used 71053K, committed 72320K, reserved 1114112K
  class space    used 7595K, committed 8128K, reserved 1048576K
}

Dll operation events (12 events):
Event: 0.010 Loaded shared library c:\Users\Fabiana\.vscode\extensions\redhat.java-1.35.1-win32-x64\jre\17.0.12-win32-x86_64\bin\java.dll
Event: 0.185 Loaded shared library c:\Users\Fabiana\.vscode\extensions\redhat.java-1.35.1-win32-x64\jre\17.0.12-win32-x86_64\bin\zip.dll
Event: 0.188 Loaded shared library C:\Users\Fabiana\.vscode\extensions\redhat.java-1.35.1-win32-x64\jre\17.0.12-win32-x86_64\bin\instrument.dll
Event: 0.204 Loaded shared library C:\Users\Fabiana\.vscode\extensions\redhat.java-1.35.1-win32-x64\jre\17.0.12-win32-x86_64\bin\net.dll
Event: 0.206 Loaded shared library C:\Users\Fabiana\.vscode\extensions\redhat.java-1.35.1-win32-x64\jre\17.0.12-win32-x86_64\bin\nio.dll
Event: 0.215 Loaded shared library C:\Users\Fabiana\.vscode\extensions\redhat.java-1.35.1-win32-x64\jre\17.0.12-win32-x86_64\bin\zip.dll
Event: 0.235 Loaded shared library C:\Users\Fabiana\.vscode\extensions\redhat.java-1.35.1-win32-x64\jre\17.0.12-win32-x86_64\bin\jimage.dll
Event: 0.299 Loaded shared library c:\Users\Fabiana\.vscode\extensions\redhat.java-1.35.1-win32-x64\jre\17.0.12-win32-x86_64\bin\verify.dll
Event: 4.005 Loaded shared library C:\Users\Fabiana\AppData\Roaming\Code\User\globalStorage\redhat.java\1.35.1\config_win\org.eclipse.equinox.launcher\org.eclipse.equinox.launcher.win32.win32.x86_64_1.2.1100.v20240722-2106\eclipse_11904.dll
Event: 10.771 Loaded shared library C:\Users\Fabiana\AppData\Local\Temp\jna-571505714\jna8701415728085320584.dll
Event: 12.487 Loaded shared library C:\Users\Fabiana\.vscode\extensions\redhat.java-1.35.1-win32-x64\jre\17.0.12-win32-x86_64\bin\sunmscapi.dll
Event: 12.533 Loaded shared library C:\Users\Fabiana\.vscode\extensions\redhat.java-1.35.1-win32-x64\jre\17.0.12-win32-x86_64\bin\extnet.dll

Deoptimization events (20 events):
Event: 20.962 Thread 0x000001cbc41da330 Uncommon trap: trap_request=0xffffff45 fr.pc=0x000001cbaf1c5c8c relative=0x000000000000024c
Event: 20.962 Thread 0x000001cbc41da330 Uncommon trap: reason=unstable_if action=reinterpret pc=0x000001cbaf1c5c8c method=java.util.concurrent.ConcurrentHashMap.addCount(JI)V @ 34 c2
Event: 20.962 Thread 0x000001cbc41da330 DEOPT PACKING pc=0x000001cbaf1c5c8c sp=0x00000078dc8fdea0
Event: 20.962 Thread 0x000001cbc41da330 DEOPT UNPACKING pc=0x000001cbae9b66a3 sp=0x00000078dc8fdde0 mode 2
Event: 20.962 Thread 0x000001cbc41d9e20 Uncommon trap: trap_request=0xffffff45 fr.pc=0x000001cbaf67ac80 relative=0x0000000000000a80
Event: 20.963 Thread 0x000001cbc41d9e20 Uncommon trap: reason=unstable_if action=reinterpret pc=0x000001cbaf67ac80 method=org.apache.maven.model.ConfigurationContainer.getOtherLocation(Ljava/lang/Object;)Lorg/apache/maven/model/InputLocation; @ 4 c2
Event: 20.963 Thread 0x000001cbc41d9e20 DEOPT PACKING pc=0x000001cbaf67ac80 sp=0x00000078dc7fe670
Event: 20.963 Thread 0x000001cbc41d9e20 DEOPT UNPACKING pc=0x000001cbae9b66a3 sp=0x00000078dc7fe5a8 mode 2
Event: 20.963 Thread 0x000001cbc41dc190 Uncommon trap: trap_request=0xffffff45 fr.pc=0x000001cbaf644ae0 relative=0x0000000000000c40
Event: 20.963 Thread 0x000001cbc41dc6a0 Uncommon trap: trap_request=0xffffff45 fr.pc=0x000001cbaf644ae0 relative=0x0000000000000c40
Event: 20.963 Thread 0x000001cbc41dc190 Uncommon trap: reason=unstable_if action=reinterpret pc=0x000001cbaf644ae0 method=java.util.concurrent.ConcurrentHashMap.addCount(JI)V @ 7 c2
Event: 20.963 Thread 0x000001cbc41dc6a0 Uncommon trap: reason=unstable_if action=reinterpret pc=0x000001cbaf644ae0 method=java.util.concurrent.ConcurrentHashMap.addCount(JI)V @ 7 c2
Event: 20.964 Thread 0x000001cbc41dc6a0 DEOPT PACKING pc=0x000001cbaf644ae0 sp=0x00000078dcafd6f0
Event: 20.964 Thread 0x000001cbc41dc190 DEOPT PACKING pc=0x000001cbaf644ae0 sp=0x00000078dc9fd450
Event: 20.964 Thread 0x000001cbc41dc6a0 DEOPT UNPACKING pc=0x000001cbae9b66a3 sp=0x00000078dcafd5b0 mode 2
Event: 20.964 Thread 0x000001cbc41dc190 DEOPT UNPACKING pc=0x000001cbae9b66a3 sp=0x00000078dc9fd310 mode 2
Event: 21.046 Thread 0x000001cbc24225a0 Uncommon trap: trap_request=0xffffff45 fr.pc=0x000001cbaf65b1d0 relative=0x0000000000000230
Event: 21.046 Thread 0x000001cbc24225a0 Uncommon trap: reason=unstable_if action=reinterpret pc=0x000001cbaf65b1d0 method=org.eclipse.jdt.internal.core.util.Util.equalArraysOrNull([Ljava/lang/Object;[Ljava/lang/Object;)Z @ 23 c2
Event: 21.046 Thread 0x000001cbc24225a0 DEOPT PACKING pc=0x000001cbaf65b1d0 sp=0x00000078daffd9f0
Event: 21.046 Thread 0x000001cbc24225a0 DEOPT UNPACKING pc=0x000001cbae9b66a3 sp=0x00000078daffd988 mode 2

Classes loaded (20 events):
Event: 19.466 Loading class java/lang/invoke/BoundMethodHandle$Species_LLLLLLLLLL
Event: 19.466 Loading class java/lang/invoke/BoundMethodHandle$Species_LLLLLLLLLL done
Event: 19.468 Loading class java/lang/invoke/BoundMethodHandle$Species_LLLLLLLLLLL
Event: 19.468 Loading class java/lang/invoke/BoundMethodHandle$Species_LLLLLLLLLLL done
Event: 19.487 Loading class java/lang/Class$EnclosingMethodInfo
Event: 19.488 Loading class java/lang/Class$EnclosingMethodInfo done
Event: 19.539 Loading class java/util/zip/GZIPInputStream$1
Event: 19.539 Loading class java/util/zip/GZIPInputStream$1 done
Event: 19.690 Loading class java/util/concurrent/ForkJoinTask$AdaptedCallable
Event: 19.691 Loading class java/util/concurrent/ForkJoinTask$AdaptedCallable done
Event: 19.691 Loading class java/util/concurrent/CountedCompleter
Event: 19.691 Loading class java/util/concurrent/CountedCompleter done
Event: 19.860 Loading class java/util/regex/Pattern$1
Event: 19.860 Loading class java/util/regex/Pattern$1 done
Event: 19.883 Loading class java/io/FileReader
Event: 19.883 Loading class java/io/FileReader done
Event: 19.884 Loading class java/lang/UnsupportedClassVersionError
Event: 19.884 Loading class java/lang/UnsupportedClassVersionError done
Event: 19.893 Loading class jdk/internal/reflect/UnsafeQualifiedStaticIntegerFieldAccessorImpl
Event: 19.893 Loading class jdk/internal/reflect/UnsafeQualifiedStaticIntegerFieldAccessorImpl done

Classes unloaded (8 events):
Event: 11.652 Thread 0x000001cbb86f7c80 Unloading class 0x0000000100248400 'java/lang/invoke/LambdaForm$MH+0x0000000100248400'
Event: 11.652 Thread 0x000001cbb86f7c80 Unloading class 0x0000000100248000 'java/lang/invoke/LambdaForm$MH+0x0000000100248000'
Event: 11.652 Thread 0x000001cbb86f7c80 Unloading class 0x0000000100247c00 'java/lang/invoke/LambdaForm$MH+0x0000000100247c00'
Event: 11.652 Thread 0x000001cbb86f7c80 Unloading class 0x0000000100247800 'java/lang/invoke/LambdaForm$MH+0x0000000100247800'
Event: 11.652 Thread 0x000001cbb86f7c80 Unloading class 0x0000000100247400 'java/lang/invoke/LambdaForm$BMH+0x0000000100247400'
Event: 11.652 Thread 0x000001cbb86f7c80 Unloading class 0x0000000100247000 'java/lang/invoke/LambdaForm$DMH+0x0000000100247000'
Event: 11.652 Thread 0x000001cbb86f7c80 Unloading class 0x0000000100244400 'java/lang/invoke/LambdaForm$DMH+0x0000000100244400'
Event: 17.679 Thread 0x000001cbb86f7c80 Unloading class 0x00000001006b1000 'jdk/internal/reflect/GeneratedSerializationConstructorAccessor28'

Classes redefined (0 events):
No events

Internal exceptions (20 events):
Event: 19.671 Thread 0x000001cbc41d7fc0 Exception <a 'sun/nio/fs/WindowsException'{0x00000000ebae74d0}> (0x00000000ebae74d0) 
thrown [s\src\hotspot\share\prims\jni.cpp, line 516]
Event: 19.688 Thread 0x000001cbc41d7fc0 Exception <a 'java/io/FileNotFoundException'{0x00000000eac3d5d0}> (0x00000000eac3d5d0) 
thrown [s\src\hotspot\share\prims\jni.cpp, line 516]
Event: 19.688 Thread 0x000001cbc41d7fc0 Exception <a 'java/io/FileNotFoundException'{0x00000000eac3e600}> (0x00000000eac3e600) 
thrown [s\src\hotspot\share\prims\jni.cpp, line 516]
Event: 19.830 Thread 0x000001cbc41db260 Exception <a 'java/lang/NoSuchMethodError'{0x00000000eabedae0}: 'java.lang.Object java.lang.invoke.DirectMethodHandle$Holder.invokeSpecial(java.lang.Object, java.lang.Object, int, long)'> (0x00000000eabedae0) 
thrown [s\src\hotspot\share\interpreter\linkResolver.cpp, line 759]
Event: 20.613 Thread 0x000001cbc41db260 Implicit null exception at 0x000001cbaf501d5a to 0x000001cbaf501e75
Event: 20.613 Thread 0x000001cbc41db260 Implicit null exception at 0x000001cbaf60f85a to 0x000001cbaf610348
Event: 20.661 Thread 0x000001cbc41db260 Implicit null exception at 0x000001cbaf639000 to 0x000001cbaf63a17c
Event: 20.665 Thread 0x000001cbc241fd20 Implicit null exception at 0x000001cbaf147e5a to 0x000001cbaf147f4c
Event: 20.740 Thread 0x000001cbc41d7fc0 Exception <a 'java/lang/IncompatibleClassChangeError'{0x00000000ec338d68}: Found class java.lang.Object, but interface was expected> (0x00000000ec338d68) 
thrown [s\src\hotspot\share\interpreter\linkResolver.cpp, line 826]
Event: 20.740 Thread 0x000001cbc241fd20 Exception <a 'java/lang/IncompatibleClassChangeError'{0x00000000ec35cb80}: Found class java.lang.Object, but interface was expected> (0x00000000ec35cb80) 
thrown [s\src\hotspot\share\interpreter\linkResolver.cpp, line 826]
Event: 20.740 Thread 0x000001cbc41dad50 Exception <a 'java/lang/IncompatibleClassChangeError'{0x00000000ec1682b0}: Found class java.lang.Object, but interface was expected> (0x00000000ec1682b0) 
thrown [s\src\hotspot\share\interpreter\linkResolver.cpp, line 826]
Event: 20.807 Thread 0x000001cbc41db260 Implicit null exception at 0x000001cbaf6666e0 to 0x000001cbaf668fd8
Event: 20.889 Thread 0x000001cbbfd17210 Exception <a 'java/lang/NoSuchMethodError'{0x00000000ec0b2488}: 'void java.lang.invoke.DirectMethodHandle$Holder.invokeInterface(java.lang.Object, java.lang.Object)'> (0x00000000ec0b2488) 
thrown [s\src\hotspot\share\interpreter\linkResolver.cpp, line 759]
Event: 20.905 Thread 0x000001cbbfd17210 Exception <a 'java/lang/NoSuchMethodError'{0x00000000eb248140}: 'java.lang.Object java.lang.invoke.DirectMethodHandle$Holder.newInvokeSpecial(java.lang.Object, java.lang.Object, java.lang.Object, java.lang.Object, java.lang.Object, java.lang.Object)'> (0x00000000eb248140) 
thrown [s\src\hotspot\share\interpreter\linkResolver.cpp, line 759]
Event: 20.913 Thread 0x000001cbc41dbc80 Exception <a 'java/lang/NoSuchMethodError'{0x00000000ebea8b40}: 'java.lang.Object java.lang.invoke.Invokers$Holder.linkToTargetMethod(java.lang.Object, java.lang.Object, java.lang.Object, java.lang.Object, java.lang.Object, java.lang.Object, java.lang.Object)'> (0x00000000ebea8b40) 
thrown [s\src\hotspot\share\interpreter\linkResolver.cpp, line 759]
Event: 20.913 Thread 0x000001cbc41dc6a0 Exception <a 'java/lang/NoSuchMethodError'{0x00000000ec138fb0}: 'java.lang.Object java.lang.invoke.Invokers$Holder.linkToTargetMethod(java.lang.Object, java.lang.Object, java.lang.Object, java.lang.Object, java.lang.Object, java.lang.Object, java.lang.Object)'> (0x00000000ec138fb0) 
thrown [s\src\hotspot\share\interpreter\linkResolver.cpp, line 759]
Event: 20.913 Thread 0x000001cbc41da330 Exception <a 'java/lang/NoSuchMethodError'{0x00000000ec067460}: 'java.lang.Object java.lang.invoke.Invokers$Holder.linkToTargetMethod(java.lang.Object, java.lang.Object, java.lang.Object, java.lang.Object, java.lang.Object, java.lang.Object, java.lang.Object)'> (0x00000000ec067460) 
thrown [s\src\hotspot\share\interpreter\linkResolver.cpp, line 759]
Event: 20.913 Thread 0x000001cbc41d9e20 Exception <a 'java/lang/NoSuchMethodError'{0x00000000ebfa4c90}: 'java.lang.Object java.lang.invoke.Invokers$Holder.linkToTargetMethod(java.lang.Object, java.lang.Object, java.lang.Object, java.lang.Object, java.lang.Object, java.lang.Object, java.lang.Object)'> (0x00000000ebfa4c90) 
thrown [s\src\hotspot\share\interpreter\linkResolver.cpp, line 759]
Event: 20.914 Thread 0x000001cbc41dc190 Exception <a 'java/lang/NoSuchMethodError'{0x00000000ec0de120}: 'java.lang.Object java.lang.invoke.Invokers$Holder.linkToTargetMethod(java.lang.Object, java.lang.Object, java.lang.Object, java.lang.Object, java.lang.Object, java.lang.Object, java.lang.Object)'> (0x00000000ec0de120) 
thrown [s\src\hotspot\share\interpreter\linkResolver.cpp, line 759]
Event: 20.962 Thread 0x000001cbc41d9e20 Implicit null exception at 0x000001cbaf67a4ed to 0x000001cbaf67ac68

VM Operations (20 events):
Event: 20.850 Executing VM operation: ParallelGCFailedAllocation done
Event: 20.870 Executing VM operation: ParallelGCFailedAllocation
Event: 20.873 Executing VM operation: ParallelGCFailedAllocation done
Event: 20.899 Executing VM operation: ParallelGCFailedAllocation
Event: 20.902 Executing VM operation: ParallelGCFailedAllocation done
Event: 20.921 Executing VM operation: ParallelGCFailedAllocation
Event: 20.925 Executing VM operation: ParallelGCFailedAllocation done
Event: 20.935 Executing VM operation: HandshakeAllThreads
Event: 20.935 Executing VM operation: HandshakeAllThreads done
Event: 20.936 Executing VM operation: HandshakeAllThreads
Event: 20.936 Executing VM operation: HandshakeAllThreads done
Event: 20.964 Executing VM operation: ParallelGCFailedAllocation
Event: 20.967 Executing VM operation: ParallelGCFailedAllocation done
Event: 21.017 Executing VM operation: ParallelGCFailedAllocation
Event: 21.023 Executing VM operation: ParallelGCFailedAllocation done
Event: 21.062 Executing VM operation: ParallelGCFailedAllocation
Event: 21.066 Executing VM operation: ParallelGCFailedAllocation done
Event: 21.096 Executing VM operation: ParallelGCFailedAllocation
Event: 21.101 Executing VM operation: ParallelGCFailedAllocation done
Event: 21.132 Executing VM operation: ParallelGCFailedAllocation

Events (20 events):
Event: 19.380 Thread 0x000001cbc41d9400 Thread added: 0x000001cbc41d9400
Event: 19.386 Thread 0x000001cbc41dcbb0 Thread added: 0x000001cbc41dcbb0
Event: 19.388 Thread 0x000001cbc41db770 Thread added: 0x000001cbc41db770
Event: 19.389 Thread 0x000001cbc41d6b80 Thread added: 0x000001cbc41d6b80
Event: 19.391 Thread 0x000001cbc41d7ab0 Thread added: 0x000001cbc41d7ab0
Event: 19.395 Thread 0x000001cbc41d7fc0 Thread added: 0x000001cbc41d7fc0
Event: 19.396 Thread 0x000001cbc41d84d0 Thread added: 0x000001cbc41d84d0
Event: 19.396 Thread 0x000001cbc41d6670 Thread added: 0x000001cbc41d6670
Event: 19.397 Thread 0x000001cbc41d89e0 Thread added: 0x000001cbc41d89e0
Event: 19.417 Thread 0x000001cbc41d6160 Thread added: 0x000001cbc41d6160
Event: 19.820 Thread 0x000001cbc305e0b0 Thread exited: 0x000001cbc305e0b0
Event: 19.832 Thread 0x000001cbc41d6160 Thread exited: 0x000001cbc41d6160
Event: 20.616 Thread 0x000001cbc46289e0 Thread added: 0x000001cbc46289e0
Event: 20.908 Thread 0x000001cbc41dbc80 Thread added: 0x000001cbc41dbc80
Event: 20.909 Thread 0x000001cbc41d9e20 Thread added: 0x000001cbc41d9e20
Event: 20.909 Thread 0x000001cbc41da330 Thread added: 0x000001cbc41da330
Event: 20.909 Thread 0x000001cbc41dc190 Thread added: 0x000001cbc41dc190
Event: 20.909 Thread 0x000001cbc41dc6a0 Thread added: 0x000001cbc41dc6a0
Event: 20.949 Thread 0x000001cbbd8ac3a0 flushing nmethod 0x000001cba7907590
Event: 20.954 Thread 0x000001cbbd8ac3a0 flushing nmethod 0x000001cba7d42a90


Dynamic libraries:
0x00007ff6e2c00000 - 0x00007ff6e2c0e000 	c:\Users\Fabiana\.vscode\extensions\redhat.java-1.35.1-win32-x64\jre\17.0.12-win32-x86_64\bin\java.exe
0x00007ffe99c10000 - 0x00007ffe99e27000 	C:\Windows\SYSTEM32\ntdll.dll
0x00007ffe97fe0000 - 0x00007ffe980a4000 	C:\Windows\System32\KERNEL32.DLL
0x00007ffe970d0000 - 0x00007ffe97487000 	C:\Windows\System32\KERNELBASE.dll
0x00007ffe91630000 - 0x00007ffe916c7000 	C:\Windows\SYSTEM32\apphelp.dll
0x00007ffe97530000 - 0x00007ffe97641000 	C:\Windows\System32\ucrtbase.dll
0x00007ffe84880000 - 0x00007ffe84897000 	c:\Users\Fabiana\.vscode\extensions\redhat.java-1.35.1-win32-x64\jre\17.0.12-win32-x86_64\bin\jli.dll
0x00007ffe84270000 - 0x00007ffe8428b000 	c:\Users\Fabiana\.vscode\extensions\redhat.java-1.35.1-win32-x64\jre\17.0.12-win32-x86_64\bin\VCRUNTIME140.dll
0x00007ffe980b0000 - 0x00007ffe9825f000 	C:\Windows\System32\USER32.dll
0x00007ffe977c0000 - 0x00007ffe977e6000 	C:\Windows\System32\win32u.dll
0x00007ffe860c0000 - 0x00007ffe86353000 	C:\Windows\WinSxS\amd64_microsoft.windows.common-controls_6595b64144ccf1df_6.0.22621.3672_none_2713b9d173822955\COMCTL32.dll
0x00007ffe97d20000 - 0x00007ffe97d49000 	C:\Windows\System32\GDI32.dll
0x00007ffe97c30000 - 0x00007ffe97cd7000 	C:\Windows\System32\msvcrt.dll
0x00007ffe97820000 - 0x00007ffe97938000 	C:\Windows\System32\gdi32full.dll
0x00007ffe97490000 - 0x00007ffe9752a000 	C:\Windows\System32\msvcp_win.dll
0x00007ffe97ce0000 - 0x00007ffe97d11000 	C:\Windows\System32\IMM32.DLL
0x00007ffe8f4b0000 - 0x00007ffe8f4bc000 	c:\Users\Fabiana\.vscode\extensions\redhat.java-1.35.1-win32-x64\jre\17.0.12-win32-x86_64\bin\vcruntime140_1.dll
0x00007ffe3fed0000 - 0x00007ffe3ff5d000 	c:\Users\Fabiana\.vscode\extensions\redhat.java-1.35.1-win32-x64\jre\17.0.12-win32-x86_64\bin\msvcp140.dll
0x00007ffe0b0a0000 - 0x00007ffe0bd0a000 	c:\Users\Fabiana\.vscode\extensions\redhat.java-1.35.1-win32-x64\jre\17.0.12-win32-x86_64\bin\server\jvm.dll
0x00007ffe99410000 - 0x00007ffe994c2000 	C:\Windows\System32\ADVAPI32.dll
0x00007ffe98260000 - 0x00007ffe98308000 	C:\Windows\System32\sechost.dll
0x00007ffe977f0000 - 0x00007ffe97818000 	C:\Windows\System32\bcrypt.dll
0x00007ffe99960000 - 0x00007ffe99a74000 	C:\Windows\System32\RPCRT4.dll
0x00007ffe99130000 - 0x00007ffe991a1000 	C:\Windows\System32\WS2_32.dll
0x00007ffe916f0000 - 0x00007ffe91724000 	C:\Windows\SYSTEM32\WINMM.dll
0x00007ffe96df0000 - 0x00007ffe96e3d000 	C:\Windows\SYSTEM32\POWRPROF.dll
0x00007ffe8d4b0000 - 0x00007ffe8d4ba000 	C:\Windows\SYSTEM32\VERSION.dll
0x00007ffe96dd0000 - 0x00007ffe96de3000 	C:\Windows\SYSTEM32\UMPDC.dll
0x00007ffe95f40000 - 0x00007ffe95f58000 	C:\Windows\SYSTEM32\kernel.appcore.dll
0x00007ffe8d410000 - 0x00007ffe8d41a000 	c:\Users\Fabiana\.vscode\extensions\redhat.java-1.35.1-win32-x64\jre\17.0.12-win32-x86_64\bin\jimage.dll
0x00007ffe8e690000 - 0x00007ffe8e8c2000 	C:\Windows\SYSTEM32\DBGHELP.DLL
0x00007ffe98bb0000 - 0x00007ffe98f3e000 	C:\Windows\System32\combase.dll
0x00007ffe97f00000 - 0x00007ffe97fd7000 	C:\Windows\System32\OLEAUT32.dll
0x00007ffe8e0c0000 - 0x00007ffe8e0f2000 	C:\Windows\SYSTEM32\dbgcore.DLL
0x00007ffe97050000 - 0x00007ffe970cb000 	C:\Windows\System32\bcryptPrimitives.dll
0x00007ffe8d100000 - 0x00007ffe8d10e000 	c:\Users\Fabiana\.vscode\extensions\redhat.java-1.35.1-win32-x64\jre\17.0.12-win32-x86_64\bin\instrument.dll
0x00007ffe798f0000 - 0x00007ffe79915000 	c:\Users\Fabiana\.vscode\extensions\redhat.java-1.35.1-win32-x64\jre\17.0.12-win32-x86_64\bin\java.dll
0x00007ffe7a880000 - 0x00007ffe7a898000 	c:\Users\Fabiana\.vscode\extensions\redhat.java-1.35.1-win32-x64\jre\17.0.12-win32-x86_64\bin\zip.dll
0x00007ffe98310000 - 0x00007ffe98b79000 	C:\Windows\System32\SHELL32.dll
0x00007ffe94e40000 - 0x00007ffe9573f000 	C:\Windows\SYSTEM32\windows.storage.dll
0x00007ffe94d00000 - 0x00007ffe94e3f000 	C:\Windows\SYSTEM32\wintypes.dll
0x00007ffe98fd0000 - 0x00007ffe990c9000 	C:\Windows\System32\SHCORE.dll
0x00007ffe97bd0000 - 0x00007ffe97c2e000 	C:\Windows\System32\shlwapi.dll
0x00007ffe96e50000 - 0x00007ffe96e77000 	C:\Windows\SYSTEM32\profapi.dll
0x00007ffe7a420000 - 0x00007ffe7a439000 	C:\Users\Fabiana\.vscode\extensions\redhat.java-1.35.1-win32-x64\jre\17.0.12-win32-x86_64\bin\net.dll
0x00007ffe92470000 - 0x00007ffe925a6000 	C:\Windows\SYSTEM32\WINHTTP.dll
0x00007ffe963e0000 - 0x00007ffe96449000 	C:\Windows\system32\mswsock.dll
0x00007ffe79d20000 - 0x00007ffe79d36000 	C:\Users\Fabiana\.vscode\extensions\redhat.java-1.35.1-win32-x64\jre\17.0.12-win32-x86_64\bin\nio.dll
0x00007ffe8d060000 - 0x00007ffe8d070000 	c:\Users\Fabiana\.vscode\extensions\redhat.java-1.35.1-win32-x64\jre\17.0.12-win32-x86_64\bin\verify.dll
0x00007ffe5baf0000 - 0x00007ffe5bb35000 	C:\Users\Fabiana\AppData\Roaming\Code\User\globalStorage\redhat.java\1.35.1\config_win\org.eclipse.equinox.launcher\org.eclipse.equinox.launcher.win32.win32.x86_64_1.2.1100.v20240722-2106\eclipse_11904.dll
0x00007ffe97d50000 - 0x00007ffe97ef5000 	C:\Windows\System32\ole32.dll
0x00007ffe96630000 - 0x00007ffe9664b000 	C:\Windows\SYSTEM32\CRYPTSP.dll
0x00007ffe95ea0000 - 0x00007ffe95ed5000 	C:\Windows\system32\rsaenh.dll
0x00007ffe964d0000 - 0x00007ffe964f8000 	C:\Windows\SYSTEM32\USERENV.dll
0x00007ffe96650000 - 0x00007ffe9665c000 	C:\Windows\SYSTEM32\CRYPTBASE.dll
0x00007ffe95990000 - 0x00007ffe959bd000 	C:\Windows\SYSTEM32\IPHLPAPI.DLL
0x00007ffe98b80000 - 0x00007ffe98b89000 	C:\Windows\System32\NSI.dll
0x00007ffe92280000 - 0x00007ffe92299000 	C:\Windows\SYSTEM32\dhcpcsvc6.DLL
0x00007ffe92260000 - 0x00007ffe9227f000 	C:\Windows\SYSTEM32\dhcpcsvc.DLL
0x00007ffe95a00000 - 0x00007ffe95b02000 	C:\Windows\SYSTEM32\DNSAPI.dll
0x00007ffe57a60000 - 0x00007ffe57aa9000 	C:\Users\Fabiana\AppData\Local\Temp\jna-571505714\jna8701415728085320584.dll
0x00007ffe97bc0000 - 0x00007ffe97bc8000 	C:\Windows\System32\PSAPI.DLL
0x00007ffe92930000 - 0x00007ffe9293e000 	C:\Users\Fabiana\.vscode\extensions\redhat.java-1.35.1-win32-x64\jre\17.0.12-win32-x86_64\bin\sunmscapi.dll
0x00007ffe97650000 - 0x00007ffe977b6000 	C:\Windows\System32\CRYPT32.dll
0x00007ffe967f0000 - 0x00007ffe9681d000 	C:\Windows\SYSTEM32\ncrypt.dll
0x00007ffe967b0000 - 0x00007ffe967e7000 	C:\Windows\SYSTEM32\NTASN1.dll
0x00007ffe8bbc0000 - 0x00007ffe8bbca000 	C:\Windows\System32\rasadhlp.dll
0x00007ffe91520000 - 0x00007ffe915a3000 	C:\Windows\System32\fwpuclnt.dll
0x00007ffe8d020000 - 0x00007ffe8d029000 	C:\Users\Fabiana\.vscode\extensions\redhat.java-1.35.1-win32-x64\jre\17.0.12-win32-x86_64\bin\extnet.dll

dbghelp: loaded successfully - version: 4.0.5 - missing functions: none
symbol engine: initialized successfully - sym options: 0x614 - pdb path: .;c:\Users\Fabiana\.vscode\extensions\redhat.java-1.35.1-win32-x64\jre\17.0.12-win32-x86_64\bin;C:\Windows\SYSTEM32;C:\Windows\WinSxS\amd64_microsoft.windows.common-controls_6595b64144ccf1df_6.0.22621.3672_none_2713b9d173822955;c:\Users\Fabiana\.vscode\extensions\redhat.java-1.35.1-win32-x64\jre\17.0.12-win32-x86_64\bin\server;C:\Users\Fabiana\AppData\Roaming\Code\User\globalStorage\redhat.java\1.35.1\config_win\org.eclipse.equinox.launcher\org.eclipse.equinox.launcher.win32.win32.x86_64_1.2.1100.v20240722-2106;C:\Users\Fabiana\AppData\Local\Temp\jna-571505714

VM Arguments:
jvm_args: --add-modules=ALL-SYSTEM --add-opens=java.base/java.util=ALL-UNNAMED --add-opens=java.base/java.lang=ALL-UNNAMED --add-opens=java.base/sun.nio.fs=ALL-UNNAMED -Declipse.application=org.eclipse.jdt.ls.core.id1 -Dosgi.bundles.defaultStartLevel=4 -Declipse.product=org.eclipse.jdt.ls.core.product -Djava.import.generatesMetadataFilesAtProjectRoot=false -DDetectVMInstallationsJob.disabled=true -Dfile.encoding=utf8 -XX:+UseParallelGC -XX:GCTimeRatio=4 -XX:AdaptiveSizePolicyWeight=90 -Dsun.zip.disableMemoryMapping=true -Xmx1G -Xms100m -Xlog:disable -javaagent:c:\Users\Fabiana\.vscode\extensions\redhat.java-1.35.1-win32-x64\lombok\lombok-1.18.33.jar -XX:+HeapDumpOnOutOfMemoryError -XX:HeapDumpPath=c:\Users\Fabiana\AppData\Roaming\Code\User\workspaceStorage\e8de8da8599e006d1c2612c2f89aef8b\redhat.java -Daether.dependencyCollector.impl=bf 
java_command: c:\Users\Fabiana\.vscode\extensions\redhat.java-1.35.1-win32-x64\server\plugins\org.eclipse.equinox.launcher_1.6.900.v20240613-2009.jar -configuration c:\Users\Fabiana\AppData\Roaming\Code\User\globalStorage\redhat.java\1.35.1\config_win -data c:\Users\Fabiana\AppData\Roaming\Code\User\workspaceStorage\e8de8da8599e006d1c2612c2f89aef8b\redhat.java\jdt_ws --pipe=\\.\pipe\lsp-92fff898d9e6cca914e12f5d60f569a8-sock
java_class_path (initial): c:\Users\Fabiana\.vscode\extensions\redhat.java-1.35.1-win32-x64\server\plugins\org.eclipse.equinox.launcher_1.6.900.v20240613-2009.jar
Launcher Type: SUN_STANDARD

[Global flags]
    uintx AdaptiveSizePolicyWeight                 = 90                                        {product} {command line}
     intx CICompilerCount                          = 12                                        {product} {ergonomic}
    uintx GCTimeRatio                              = 4                                         {product} {command line}
     bool HeapDumpOnOutOfMemoryError               = true                                   {manageable} {command line}
    ccstr HeapDumpPath                             = c:\Users\Fabiana\AppData\Roaming\Code\User\workspaceStorage\e8de8da8599e006d1c2612c2f89aef8b\redhat.java         {manageable} {command line}
   size_t InitialHeapSize                          = 104857600                                 {product} {command line}
   size_t MaxHeapSize                              = 1073741824                                {product} {command line}
   size_t MaxNewSize                               = 357564416                                 {product} {ergonomic}
   size_t MinHeapDeltaBytes                        = 524288                                    {product} {ergonomic}
   size_t MinHeapSize                              = 104857600                                 {product} {command line}
   size_t NewSize                                  = 34603008                                  {product} {ergonomic}
    uintx NonNMethodCodeHeapSize                   = 7602480                                {pd product} {ergonomic}
    uintx NonProfiledCodeHeapSize                  = 122027880                              {pd product} {ergonomic}
   size_t OldSize                                  = 70254592                                  {product} {ergonomic}
    uintx ProfiledCodeHeapSize                     = 122027880                              {pd product} {ergonomic}
    uintx ReservedCodeCacheSize                    = 251658240                              {pd product} {ergonomic}
     bool SegmentedCodeCache                       = true                                      {product} {ergonomic}
   size_t SoftMaxHeapSize                          = 1073741824                             {manageable} {ergonomic}
     bool UseCompressedClassPointers               = true                           {product lp64_product} {ergonomic}
     bool UseCompressedOops                        = true                           {product lp64_product} {ergonomic}
     bool UseLargePagesIndividualAllocation        = false                                  {pd product} {ergonomic}
     bool UseParallelGC                            = true                                      {product} {command line}

Logging:
Log output configuration:
 #0: stdout all=off uptime,level,tags
 #1: stderr all=off uptime,level,tags

Environment Variables:
PATH=C:\Program Files\Eclipse Adoptium\jdk-21.0.4.7-hotspot\bin;C:\Windows\system32;C:\Windows;C:\Windows\System32\Wbem;C:\Windows\System32\WindowsPowerShell\v1.0\;C:\Windows\System32\OpenSSH\;C:\apache-maven-3.9.9\bin;C:\Program Files\Git\cmd;C:\Users\Fabiana\AppData\Local\Programs\Python\Launcher\;C:\Users\Fabiana\AppData\Local\Microsoft\WindowsApps;C:\Users\Fabiana\AppData\Local\Programs\Microsoft VS Code\bin
USERNAME=Fabiana
OS=Windows_NT
PROCESSOR_IDENTIFIER=AMD64 Family 23 Model 104 Stepping 1, AuthenticAMD
TMP=C:\Users\Fabiana\AppData\Local\Temp
TEMP=C:\Users\Fabiana\AppData\Local\Temp



Periodic native trim disabled


---------------  S Y S T E M  ---------------

OS:
 Windows 11 , 64 bit Build 22621 (10.0.22621.3958)
OS uptime: 5 days 4:02 hours
Hyper-V role detected

CPU: total 16 (initial active 16) (16 cores per cpu, 2 threads per core) family 23 model 104 stepping 1 microcode 0x0, cx8, cmov, fxsr, ht, mmx, 3dnowpref, sse, sse2, sse3, ssse3, sse4a, sse4.1, sse4.2, popcnt, lzcnt, tsc, tscinvbit, avx, avx2, aes, clmul, bmi1, bmi2, adx, sha, fma, vzeroupper, clflush, clflushopt, hv
Processor Information for all 16 processors :
  Max Mhz: 1801, Current Mhz: 1801, Mhz Limit: 1801

Memory: 4k page, system-wide physical 19818M (12931M free)
TotalPageFile size 21098M (AvailPageFile size 10677M)
current process WorkingSet (physical memory assigned to process): 424M, peak: 424M
current process commit charge ("private bytes"): 1059M, peak: 1060M

vm_info: OpenJDK 64-Bit Server VM (17.0.12+7) for windows-amd64 JRE (17.0.12+7), built on Jul 16 2024 22:08:24 by "admin" with MS VC++ 16.10 / 16.11 (VS2019)

END.
